17:08:08,417 [INFO] parser.MapleInterface - Loading Maple Natives!
17:08:08,815 [INFO] listener.MapleListener - MAPLE_TEXT_OUTPUT; Object: null; String: [_Inert_POWER, [_Inert_SUM, [_Inert_NAME, "infinity", [_Inert_ATTRIBUTE, [_Inert_NAME, "protected", [_Inert_ATTRIBUTE, [_Inert_NAME, "protected"]]]]], [_Inert_PROD, [_Inert_NAME, "Catalan", [_Inert_ATTRIBUTE, [_Inert_NAME, "protected", [_Inert_ATTRIBUTE, [_Inert_NAME, "protected"]]]]], [_Inert_RATIONAL, [_Inert_INTPOS, 1], [_Inert_INTPOS, 2]]]], [_Inert_NAME, "gamma", [_Inert_ATTRIBUTE, [_Inert_NAME, "protected", [_Inert_ATTRIBUTE, [_Inert_NAME, "protected"]]]]]]
17:08:08,817 [INFO] parser.MapleInterface - Parsed: (infinity+Catalan/2)^gamma
17:08:08,854 [INFO] roundtrip.RoundTripInterface - list_converter(ToInert(simplify(((infinity+Catalan/2)^gamma) - ((infinity + Catalan *(1)/(2))^(gamma)))));
17:08:08,856 [INFO] listener.MapleListener - MAPLE_TEXT_OUTPUT; Object: null; String: [_Inert_INTPOS, 0]
17:08:08,857 [INFO] roundtrip.RoundTripInterface - [_Inert_INTPOS, 0]
17:08:08,873 [INFO] listener.MapleListener - MAPLE_TEXT_OUTPUT; Object: null; String: [_Inert_SUM, [_Inert_NAME, "x"], [_Inert_POWER, [_Inert_NAME, "x"], [_Inert_INTPOS, 2]], [_Inert_POWER, [_Inert_PROD, [_Inert_PROD, [_Inert_SUM, [_Inert_INTPOS, 1], [_Inert_PROD, [_Inert_NAME, "gamma", [_Inert_ATTRIBUTE, [_Inert_NAME, "protected", [_Inert_ATTRIBUTE, [_Inert_NAME, "protected"]]]]], [_Inert_INTNEG, 1]]], [_Inert_NAME, "x"]], [_Inert_RATIONAL, [_Inert_INTPOS, 1], [_Inert_INTPOS, 2]]], [_Inert_COMPLEX, [_Inert_INTPOS, 1]]]]
17:08:08,874 [INFO] parser.MapleInterface - Parsed: x + x^2 + ((1-gamma)*x/2)^I
17:08:08,880 [INFO] roundtrip.RoundTripInterface - list_converter(ToInert(simplify((x + x^2 + ((1-gamma)*x/2)^I) - (x + x^(2) +((1 + gamma *(- 1))* x *(1)/(2))^(1 * I)))));
17:08:08,881 [INFO] listener.MapleListener - MAPLE_TEXT_OUTPUT; Object: null; String: [_Inert_INTPOS, 0]
17:08:08,882 [INFO] roundtrip.RoundTripInterface - [_Inert_INTPOS, 0]
17:08:08,885 [INFO] listener.MapleListener - MAPLE_TEXT_OUTPUT; Object: null; String: [_Inert_PROD, [_Inert_PROD, [_Inert_POWER, [_Inert_SUM, [_Inert_NAME, "a"], [_Inert_INTPOS, 2]], [_Inert_INTNEG, 1]], [_Inert_POWER, [_Inert_NAME, "b"], [_Inert_PROD, [_Inert_COMPLEX, [_Inert_INTNEG, 1]], [_Inert_NAME, "Catalan", [_Inert_ATTRIBUTE, [_Inert_NAME, "protected", [_Inert_ATTRIBUTE, [_Inert_NAME, "protected"]]]]]]], [_Inert_POWER, [_Inert_POWER, [_Inert_NAME, "q"], [_Inert_COMPLEX, [_Inert_INTPOS, 1]]], [_Inert_INTNEG, 1]], [_Inert_POWER, [_Inert_NAME, "x"], [_Inert_INTNEG, 1]]], [_Inert_INTPOS, 3]]
17:08:08,886 [INFO] parser.MapleInterface - Parsed: 1/((a+2)/(b^(Catalan/I)/(alpha*q^I*x/3)*alpha))
17:08:08,896 [INFO] roundtrip.RoundTripInterface - list_converter(ToInert(simplify((1/((a+2)/(b^(Catalan/I)/(alpha*q^I*x/3)*alpha))) - ((a + 2)^(- 1) * b^(- 1 * I * Catalan) *(q^(1 * I))^(- 1) * x^(- 1) * 3))));
17:08:08,896 [INFO] listener.MapleListener - MAPLE_TEXT_OUTPUT; Object: null; String: [_Inert_INTPOS, 0]
17:08:08,898 [INFO] roundtrip.RoundTripInterface - [_Inert_INTPOS, 0]
17:08:08,901 [INFO] listener.MapleListener - MAPLE_TEXT_OUTPUT; Object: null; String: [_Inert_SUM, [_Inert_NAME, "gamma", [_Inert_ATTRIBUTE, [_Inert_NAME, "protected", [_Inert_ATTRIBUTE, [_Inert_NAME, "protected"]]]]], [_Inert_POWER, [_Inert_NAME, "alpha"], [_Inert_INTPOS, 5]], [_Inert_PROD, [_Inert_POWER, [_Inert_COMPLEX, [_Inert_INTPOS, 1]], [_Inert_PROD, [_Inert_NAME, "x"], [_Inert_RATIONAL, [_Inert_INTPOS, 1], [_Inert_INTPOS, 5]]]], [_Inert_INTNEG, 1]], [_Inert_NAME, "Catalan", [_Inert_ATTRIBUTE, [_Inert_NAME, "protected", [_Inert_ATTRIBUTE, [_Inert_NAME, "protected"]]]]]]
17:08:08,901 [INFO] parser.MapleInterface - Parsed: gamma+alpha^5-I^(x/5)+Catalan
17:08:08,908 [INFO] roundtrip.RoundTripInterface - list_converter(ToInert(simplify((gamma+alpha^5-I^(x/5)+Catalan) - (gamma + alpha^(5) +(1 * I)^(x *(1)/(5)) *(- 1)+ Catalan))));
17:08:08,909 [INFO] listener.MapleListener - MAPLE_TEXT_OUTPUT; Object: null; String: [_Inert_INTPOS, 0]
17:08:08,910 [INFO] roundtrip.RoundTripInterface - [_Inert_INTPOS, 0]
17:08:08,913 [INFO] listener.MapleListener - MAPLE_TEXT_OUTPUT; Object: null; String: [_Inert_POWER, [_Inert_POWER, [_Inert_POWER, [_Inert_NAME, "x"], [_Inert_NAME, "a"]], [_Inert_NAME, "b"]], [_Inert_NAME, "c"]]
17:08:08,913 [INFO] parser.MapleInterface - Parsed: ((x^a)^b)^c
17:08:08,917 [INFO] roundtrip.RoundTripInterface - list_converter(ToInert(simplify((((x^a)^b)^c) - (((x^(a))^(b))^(c)))));
17:08:08,918 [INFO] listener.MapleListener - MAPLE_TEXT_OUTPUT; Object: null; String: [_Inert_INTPOS, 0]
17:08:08,919 [INFO] roundtrip.RoundTripInterface - [_Inert_INTPOS, 0]
17:08:08,925 [INFO] listener.MapleListener - MAPLE_TEXT_OUTPUT; Object: null; String: [_Inert_PROD, [_Inert_PROD, [_Inert_POWER, [_Inert_SUM, [_Inert_NAME, "a"], [_Inert_INTPOS, 2]], [_Inert_INTNEG, 1]], [_Inert_POWER, [_Inert_NAME, "b"], [_Inert_PROD, [_Inert_COMPLEX, [_Inert_INTNEG, 1]], [_Inert_NAME, "Catalan", [_Inert_ATTRIBUTE, [_Inert_NAME, "protected", [_Inert_ATTRIBUTE, [_Inert_NAME, "protected"]]]]]]], [_Inert_POWER, [_Inert_POWER, [_Inert_NAME, "q"], [_Inert_COMPLEX, [_Inert_INTPOS, 1]]], [_Inert_INTNEG, 1]], [_Inert_POWER, [_Inert_NAME, "x"], [_Inert_INTNEG, 1]]], [_Inert_INTPOS, 3]]
17:08:08,926 [INFO] parser.MapleInterface - Parsed: 1/((a+2)/(b^(Catalan/I)/(alpha*q^I*x/3)*alpha))
17:08:08,935 [INFO] listener.MapleListener - MAPLE_TEXT_OUTPUT; Object: null; String: [_Inert_PROD, [_Inert_PROD, [_Inert_POWER, [_Inert_SUM, [_Inert_NAME, "a"], [_Inert_INTPOS, 2]], [_Inert_INTNEG, 1]], [_Inert_POWER, [_Inert_NAME, "b"], [_Inert_PROD, [_Inert_COMPLEX, [_Inert_INTNEG, 1]], [_Inert_NAME, "Catalan", [_Inert_ATTRIBUTE, [_Inert_NAME, "protected", [_Inert_ATTRIBUTE, [_Inert_NAME, "protected"]]]]]]], [_Inert_POWER, [_Inert_POWER, [_Inert_NAME, "q"], [_Inert_COMPLEX, [_Inert_INTPOS, 1]]], [_Inert_INTNEG, 1]], [_Inert_POWER, [_Inert_NAME, "x"], [_Inert_INTNEG, 1]]], [_Inert_INTPOS, 3]]
17:08:08,936 [INFO] parser.MapleInterface - Parsed: 1/((a+2)/(b^(Catalan/I)/(alpha*q^I*x/3)*alpha))
17:08:08,944 [INFO] listener.MapleListener - MAPLE_TEXT_OUTPUT; Object: null; String: [_Inert_PROD, [_Inert_PROD, [_Inert_POWER, [_Inert_SUM, [_Inert_NAME, "a"], [_Inert_INTPOS, 2]], [_Inert_INTNEG, 1]], [_Inert_POWER, [_Inert_NAME, "b"], [_Inert_PROD, [_Inert_COMPLEX, [_Inert_INTNEG, 1]], [_Inert_NAME, "Catalan", [_Inert_ATTRIBUTE, [_Inert_NAME, "protected", [_Inert_ATTRIBUTE, [_Inert_NAME, "protected"]]]]]]], [_Inert_POWER, [_Inert_POWER, [_Inert_NAME, "q"], [_Inert_COMPLEX, [_Inert_INTPOS, 1]]], [_Inert_INTNEG, 1]], [_Inert_POWER, [_Inert_NAME, "x"], [_Inert_INTNEG, 1]]], [_Inert_INTPOS, 3]]
17:08:08,945 [INFO] parser.MapleInterface - Parsed: 1/((a+2)/(b^(Catalan/I)/(alpha*q^I*x/3)*alpha))
17:08:08,959 [INFO] listener.MapleListener - MAPLE_TEXT_OUTPUT; Object: null; String: [_Inert_PROD, [_Inert_PROD, [_Inert_POWER, [_Inert_SUM, [_Inert_NAME, "a"], [_Inert_INTPOS, 2]], [_Inert_INTNEG, 1]], [_Inert_POWER, [_Inert_NAME, "b"], [_Inert_PROD, [_Inert_COMPLEX, [_Inert_INTNEG, 1]], [_Inert_NAME, "Catalan", [_Inert_ATTRIBUTE, [_Inert_NAME, "protected", [_Inert_ATTRIBUTE, [_Inert_NAME, "protected"]]]]]]], [_Inert_POWER, [_Inert_POWER, [_Inert_NAME, "q"], [_Inert_COMPLEX, [_Inert_INTPOS, 1]]], [_Inert_INTNEG, 1]], [_Inert_POWER, [_Inert_NAME, "x"], [_Inert_INTNEG, 1]]], [_Inert_INTPOS, 3]]
17:08:08,959 [INFO] parser.MapleInterface - Parsed: 1/((a+2)/(b^(Catalan/I)/(alpha*q^I*x/3)*alpha))
17:08:08,966 [INFO] listener.MapleListener - MAPLE_TEXT_OUTPUT; Object: null; String: [_Inert_PROD, [_Inert_PROD, [_Inert_POWER, [_Inert_SUM, [_Inert_NAME, "a"], [_Inert_INTPOS, 2]], [_Inert_INTNEG, 1]], [_Inert_POWER, [_Inert_NAME, "b"], [_Inert_PROD, [_Inert_COMPLEX, [_Inert_INTNEG, 1]], [_Inert_NAME, "Catalan", [_Inert_ATTRIBUTE, [_Inert_NAME, "protected", [_Inert_ATTRIBUTE, [_Inert_NAME, "protected"]]]]]]], [_Inert_POWER, [_Inert_POWER, [_Inert_NAME, "q"], [_Inert_COMPLEX, [_Inert_INTPOS, 1]]], [_Inert_INTNEG, 1]], [_Inert_POWER, [_Inert_NAME, "x"], [_Inert_INTNEG, 1]]], [_Inert_INTPOS, 3]]
17:08:08,967 [INFO] parser.MapleInterface - Parsed: 1/((a+2)/(b^(Catalan/I)/(alpha*q^I*x/3)*alpha))
17:08:08,973 [INFO] roundtrip.RoundTripInterface - list_converter(ToInert(simplify((1/((a+2)/(b^(Catalan/I)/(alpha*q^I*x/3)*alpha))) - ((a + 2)^(- 1) * b^(- 1 * I * Catalan) *(q^(1 * I))^(- 1) * x^(- 1) * 3))));
17:08:08,973 [INFO] listener.MapleListener - MAPLE_TEXT_OUTPUT; Object: null; String: [_Inert_INTPOS, 0]
17:08:08,974 [INFO] roundtrip.RoundTripInterface - [_Inert_INTPOS, 0]
17:08:08,976 [INFO] listener.MapleListener - MAPLE_TEXT_OUTPUT; Object: null; String: [_Inert_NAME, "alpha"]
17:08:08,977 [INFO] parser.MapleInterface - Parsed: alpha
17:08:44,188 [INFO] parser.MapleInterface - Loading Maple Natives!
17:08:44,312 [INFO] listener.MapleListener - MAPLE_TEXT_OUTPUT; Object: null; String: [_Inert_POWER, [_Inert_SUM, [_Inert_NAME, "infinity", [_Inert_ATTRIBUTE, [_Inert_NAME, "protected", [_Inert_ATTRIBUTE, [_Inert_NAME, "protected"]]]]], [_Inert_PROD, [_Inert_NAME, "Catalan", [_Inert_ATTRIBUTE, [_Inert_NAME, "protected", [_Inert_ATTRIBUTE, [_Inert_NAME, "protected"]]]]], [_Inert_RATIONAL, [_Inert_INTPOS, 1], [_Inert_INTPOS, 2]]]], [_Inert_NAME, "gamma", [_Inert_ATTRIBUTE, [_Inert_NAME, "protected", [_Inert_ATTRIBUTE, [_Inert_NAME, "protected"]]]]]]
17:08:44,312 [INFO] parser.MapleInterface - Parsed: (infinity+Catalan/2)^gamma
17:08:44,320 [INFO] maple.MapleToSemanticInterpreter - \left(\infty +\CatalansConstant \cdot \frac{1}{2}\right)^{\EulerConstant }
17:09:18,891 [INFO] parser.MapleInterface - Loading Maple Natives!
17:09:19,014 [INFO] listener.MapleListener - MAPLE_TEXT_OUTPUT; Object: null; String: [_Inert_POWER, [_Inert_SUM, [_Inert_NAME, "infinity", [_Inert_ATTRIBUTE, [_Inert_NAME, "protected", [_Inert_ATTRIBUTE, [_Inert_NAME, "protected"]]]]], [_Inert_PROD, [_Inert_NAME, "Catalan", [_Inert_ATTRIBUTE, [_Inert_NAME, "protected", [_Inert_ATTRIBUTE, [_Inert_NAME, "protected"]]]]], [_Inert_RATIONAL, [_Inert_INTPOS, 1], [_Inert_INTPOS, 2]]]], [_Inert_NAME, "gamma", [_Inert_ATTRIBUTE, [_Inert_NAME, "protected", [_Inert_ATTRIBUTE, [_Inert_NAME, "protected"]]]]]]
17:09:19,015 [INFO] parser.MapleInterface - Parsed: (infinity+Catalan/2)^gamma
17:09:19,021 [INFO] maple.MapleToSemanticInterpreter - \left(\infty +\CatalansConstant \cdot \frac{1}{2}\right)^{\EulerConstant }
17:09:52,064 [INFO] parser.MapleInterface - Loading Maple Natives!
17:09:52,179 [INFO] listener.MapleListener - MAPLE_TEXT_OUTPUT; Object: null; String: [_Inert_SUM, [_Inert_NAME, "gamma", [_Inert_ATTRIBUTE, [_Inert_NAME, "protected", [_Inert_ATTRIBUTE, [_Inert_NAME, "protected"]]]]], [_Inert_POWER, [_Inert_NAME, "alpha"], [_Inert_INTPOS, 5]], [_Inert_PROD, [_Inert_POWER, [_Inert_COMPLEX, [_Inert_INTPOS, 1]], [_Inert_PROD, [_Inert_NAME, "x"], [_Inert_RATIONAL, [_Inert_INTPOS, 1], [_Inert_INTPOS, 5]]]], [_Inert_INTNEG, 1]], [_Inert_NAME, "Catalan", [_Inert_ATTRIBUTE, [_Inert_NAME, "protected", [_Inert_ATTRIBUTE, [_Inert_NAME, "protected"]]]]]]
17:09:52,180 [INFO] parser.MapleInterface - Parsed: gamma+alpha^5-I^(x/5)+Catalan
17:09:52,187 [INFO] maple.MapleToSemanticInterpreter - \EulerConstant +\alpha ^{5}+\left(1\cdot\iunit\right)^{x\cdot \frac{1}{5}}\cdot (-1)+\CatalansConstant 
17:10:18,678 [INFO] parser.MapleInterface - Loading Maple Natives!
17:10:18,806 [INFO] listener.MapleListener - MAPLE_TEXT_OUTPUT; Object: null; String: [_Inert_PROD, [_Inert_PROD, [_Inert_POWER, [_Inert_SUM, [_Inert_NAME, "a"], [_Inert_INTPOS, 2]], [_Inert_INTNEG, 1]], [_Inert_POWER, [_Inert_NAME, "b"], [_Inert_PROD, [_Inert_COMPLEX, [_Inert_INTNEG, 1]], [_Inert_NAME, "Catalan", [_Inert_ATTRIBUTE, [_Inert_NAME, "protected", [_Inert_ATTRIBUTE, [_Inert_NAME, "protected"]]]]]]], [_Inert_POWER, [_Inert_POWER, [_Inert_NAME, "q"], [_Inert_COMPLEX, [_Inert_INTPOS, 1]]], [_Inert_INTNEG, 1]], [_Inert_POWER, [_Inert_NAME, "x"], [_Inert_INTNEG, 1]]], [_Inert_INTPOS, 3]]
17:10:18,807 [INFO] parser.MapleInterface - Parsed: 1/((a+2)/(b^(Catalan/I)/(alpha*q^I*x/3)*alpha))
17:10:18,851 [INFO] maple.MapleToSemanticInterpreter - \left(a+2\right)^{-1}\cdot b^{-1\cdot\iunit\cdot \CatalansConstant }\cdot \left(q^{1\cdot\iunit}\right)^{-1}\cdot x^{-1}\cdot 3
17:14:01,409 [INFO] parser.MapleInterface - Loading Maple Natives!
17:14:01,844 [INFO] listener.MapleListener - MAPLE_TEXT_OUTPUT; Object: null; String: [_Inert_POWER, [_Inert_SUM, [_Inert_NAME, "infinity", [_Inert_ATTRIBUTE, [_Inert_NAME, "protected", [_Inert_ATTRIBUTE, [_Inert_NAME, "protected"]]]]], [_Inert_PROD, [_Inert_NAME, "Catalan", [_Inert_ATTRIBUTE, [_Inert_NAME, "protected", [_Inert_ATTRIBUTE, [_Inert_NAME, "protected"]]]]], [_Inert_RATIONAL, [_Inert_INTPOS, 1], [_Inert_INTPOS, 2]]]], [_Inert_NAME, "gamma", [_Inert_ATTRIBUTE, [_Inert_NAME, "protected", [_Inert_ATTRIBUTE, [_Inert_NAME, "protected"]]]]]]
17:14:01,846 [INFO] parser.MapleInterface - Parsed: (infinity+Catalan/2)^gamma
17:14:01,923 [INFO] roundtrip.RoundTripInterface - list_converter(ToInert(simplify(((infinity+Catalan/2)^gamma) - ((infinity + Catalan *(1)/(2))^(gamma)))));
17:14:01,924 [INFO] listener.MapleListener - MAPLE_TEXT_OUTPUT; Object: null; String: [_Inert_INTPOS, 0]
17:14:01,925 [INFO] roundtrip.RoundTripInterface - [_Inert_INTPOS, 0]
17:15:04,828 [INFO] parser.MapleInterface - Loading Maple Natives!
17:15:05,269 [INFO] listener.MapleListener - MAPLE_TEXT_OUTPUT; Object: null; String: [_Inert_POWER, [_Inert_SUM, [_Inert_NAME, "infinity", [_Inert_ATTRIBUTE, [_Inert_NAME, "protected", [_Inert_ATTRIBUTE, [_Inert_NAME, "protected"]]]]], [_Inert_PROD, [_Inert_NAME, "Catalan", [_Inert_ATTRIBUTE, [_Inert_NAME, "protected", [_Inert_ATTRIBUTE, [_Inert_NAME, "protected"]]]]], [_Inert_RATIONAL, [_Inert_INTPOS, 1], [_Inert_INTPOS, 2]]]], [_Inert_NAME, "gamma", [_Inert_ATTRIBUTE, [_Inert_NAME, "protected", [_Inert_ATTRIBUTE, [_Inert_NAME, "protected"]]]]]]
17:15:05,270 [INFO] parser.MapleInterface - Parsed: (infinity+Catalan/2)^gamma
17:15:05,316 [INFO] roundtrip.RoundTripInterface - list_converter(ToInert(simplify(((infinity+Catalan/2)^gamma) - ((infinity + Catalan *(1)/(2))^(gamma)))));
17:15:05,318 [INFO] listener.MapleListener - MAPLE_TEXT_OUTPUT; Object: null; String: [_Inert_INTPOS, 0]
17:15:05,318 [INFO] roundtrip.RoundTripInterface - [_Inert_INTPOS, 0]
17:15:54,795 [INFO] parser.MapleInterface - Loading Maple Natives!
17:15:55,174 [INFO] listener.MapleListener - MAPLE_TEXT_OUTPUT; Object: null; String: [_Inert_POWER, [_Inert_SUM, [_Inert_NAME, "infinity", [_Inert_ATTRIBUTE, [_Inert_NAME, "protected", [_Inert_ATTRIBUTE, [_Inert_NAME, "protected"]]]]], [_Inert_PROD, [_Inert_NAME, "Catalan", [_Inert_ATTRIBUTE, [_Inert_NAME, "protected", [_Inert_ATTRIBUTE, [_Inert_NAME, "protected"]]]]], [_Inert_RATIONAL, [_Inert_INTPOS, 1], [_Inert_INTPOS, 2]]]], [_Inert_NAME, "gamma", [_Inert_ATTRIBUTE, [_Inert_NAME, "protected", [_Inert_ATTRIBUTE, [_Inert_NAME, "protected"]]]]]]
17:15:55,176 [INFO] parser.MapleInterface - Parsed: (infinity+Catalan/2)^gamma
17:15:55,229 [INFO] roundtrip.RoundTripInterface - list_converter(ToInert(simplify(((infinity+Catalan/2)^gamma) - ((infinity + Catalan *(1)/(2))^(gamma)))));
17:15:55,231 [INFO] listener.MapleListener - MAPLE_TEXT_OUTPUT; Object: null; String: [_Inert_INTPOS, 0]
17:15:55,231 [INFO] roundtrip.RoundTripInterface - [_Inert_INTPOS, 0]
17:17:04,698 [INFO] parser.MapleInterface - Loading Maple Natives!
17:17:05,040 [INFO] listener.MapleListener - MAPLE_TEXT_OUTPUT; Object: null; String: [_Inert_PROD, [_Inert_PROD, [_Inert_POWER, [_Inert_SUM, [_Inert_NAME, "a"], [_Inert_INTPOS, 2]], [_Inert_INTNEG, 1]], [_Inert_POWER, [_Inert_NAME, "b"], [_Inert_PROD, [_Inert_COMPLEX, [_Inert_INTNEG, 1]], [_Inert_NAME, "Catalan", [_Inert_ATTRIBUTE, [_Inert_NAME, "protected", [_Inert_ATTRIBUTE, [_Inert_NAME, "protected"]]]]]]], [_Inert_POWER, [_Inert_POWER, [_Inert_NAME, "q"], [_Inert_COMPLEX, [_Inert_INTPOS, 1]]], [_Inert_INTNEG, 1]], [_Inert_POWER, [_Inert_NAME, "x"], [_Inert_INTNEG, 1]]], [_Inert_INTPOS, 3]]
17:17:05,041 [INFO] parser.MapleInterface - Parsed: 1/((a+2)/(b^(Catalan/I)/(alpha*q^I*x/3)*alpha))
17:17:05,080 [INFO] roundtrip.RoundTripInterface - list_converter(ToInert(simplify((1/((a+2)/(b^(Catalan/I)/(alpha*q^I*x/3)*alpha))) - ((a + 2)^(- 1) * b^(- 1 * I * Catalan) *(q^(1 * I))^(- 1) * x^(- 1) * 3))));
17:17:05,082 [INFO] listener.MapleListener - MAPLE_TEXT_OUTPUT; Object: null; String: [_Inert_INTPOS, 0]
17:17:05,083 [INFO] roundtrip.RoundTripInterface - [_Inert_INTPOS, 0]
17:19:33,326 [INFO] parser.MapleInterface - Loading Maple Natives!
17:19:33,646 [INFO] listener.MapleListener - MAPLE_TEXT_OUTPUT; Object: null; String: [_Inert_POWER, [_Inert_SUM, [_Inert_NAME, "infinity", [_Inert_ATTRIBUTE, [_Inert_NAME, "protected", [_Inert_ATTRIBUTE, [_Inert_NAME, "protected"]]]]], [_Inert_PROD, [_Inert_NAME, "Catalan", [_Inert_ATTRIBUTE, [_Inert_NAME, "protected", [_Inert_ATTRIBUTE, [_Inert_NAME, "protected"]]]]], [_Inert_RATIONAL, [_Inert_INTPOS, 1], [_Inert_INTPOS, 2]]]], [_Inert_NAME, "gamma", [_Inert_ATTRIBUTE, [_Inert_NAME, "protected", [_Inert_ATTRIBUTE, [_Inert_NAME, "protected"]]]]]]
17:19:33,647 [INFO] parser.MapleInterface - Parsed: (infinity+Catalan/2)^gamma
17:19:33,671 [INFO] roundtrip.RoundTripInterface - list_converter(ToInert(simplify(((infinity+Catalan/2)^gamma) - ((infinity + Catalan *(1)/(2))^(gamma)))));
17:19:33,673 [INFO] listener.MapleListener - MAPLE_TEXT_OUTPUT; Object: null; String: [_Inert_INTPOS, 0]
17:19:33,673 [INFO] roundtrip.RoundTripInterface - [_Inert_INTPOS, 0]
17:21:01,192 [INFO] parser.MapleInterface - Loading Maple Natives!
17:21:01,504 [INFO] listener.MapleListener - MAPLE_TEXT_OUTPUT; Object: null; String: [_Inert_PROD, [_Inert_PROD, [_Inert_POWER, [_Inert_SUM, [_Inert_NAME, "a"], [_Inert_INTPOS, 2]], [_Inert_INTNEG, 1]], [_Inert_POWER, [_Inert_NAME, "b"], [_Inert_PROD, [_Inert_COMPLEX, [_Inert_INTNEG, 1]], [_Inert_NAME, "Catalan", [_Inert_ATTRIBUTE, [_Inert_NAME, "protected", [_Inert_ATTRIBUTE, [_Inert_NAME, "protected"]]]]]]], [_Inert_POWER, [_Inert_POWER, [_Inert_NAME, "q"], [_Inert_COMPLEX, [_Inert_INTPOS, 1]]], [_Inert_INTNEG, 1]], [_Inert_POWER, [_Inert_NAME, "x"], [_Inert_INTNEG, 1]]], [_Inert_INTPOS, 3]]
17:21:01,505 [INFO] parser.MapleInterface - Parsed: 1/((a+2)/(b^(Catalan/I)/(alpha*q^I*x/3)*alpha))
17:21:01,543 [INFO] roundtrip.RoundTripInterface - list_converter(ToInert(simplify((1/((a+2)/(b^(Catalan/I)/(alpha*q^I*x/3)*alpha))) - ((a + 2)^(- 1) * b^(- 1 * I * Catalan) *(q^(1 * I))^(- 1) * x^(- 1) * 3))));
17:21:01,545 [INFO] listener.MapleListener - MAPLE_TEXT_OUTPUT; Object: null; String: [_Inert_INTPOS, 0]
17:21:01,546 [INFO] roundtrip.RoundTripInterface - [_Inert_INTPOS, 0]
17:24:58,227 [INFO] parser.MapleInterface - Loading Maple Natives!
17:24:58,605 [INFO] listener.MapleListener - MAPLE_TEXT_OUTPUT; Object: null; String: [_Inert_POWER, [_Inert_POWER, [_Inert_POWER, [_Inert_NAME, "x"], [_Inert_NAME, "a"]], [_Inert_NAME, "b"]], [_Inert_NAME, "c"]]
17:24:58,606 [INFO] parser.MapleInterface - Parsed: ((x^a)^b)^c
17:24:58,648 [INFO] roundtrip.RoundTripInterface - list_converter(ToInert(simplify((((x^a)^b)^c) - (((x^(a))^(b))^(c)))));
17:24:58,649 [INFO] listener.MapleListener - MAPLE_TEXT_OUTPUT; Object: null; String: [_Inert_INTPOS, 0]
17:24:58,650 [INFO] roundtrip.RoundTripInterface - [_Inert_INTPOS, 0]
17:24:58,663 [INFO] listener.MapleListener - MAPLE_TEXT_OUTPUT; Object: null; String: [_Inert_PROD, [_Inert_PROD, [_Inert_POWER, [_Inert_SUM, [_Inert_NAME, "a"], [_Inert_INTPOS, 2]], [_Inert_INTNEG, 1]], [_Inert_POWER, [_Inert_NAME, "b"], [_Inert_PROD, [_Inert_COMPLEX, [_Inert_INTNEG, 1]], [_Inert_NAME, "Catalan", [_Inert_ATTRIBUTE, [_Inert_NAME, "protected", [_Inert_ATTRIBUTE, [_Inert_NAME, "protected"]]]]]]], [_Inert_POWER, [_Inert_POWER, [_Inert_NAME, "q"], [_Inert_COMPLEX, [_Inert_INTPOS, 1]]], [_Inert_INTNEG, 1]], [_Inert_POWER, [_Inert_NAME, "x"], [_Inert_INTNEG, 1]]], [_Inert_INTPOS, 3]]
17:24:58,663 [INFO] parser.MapleInterface - Parsed: 1/((a+2)/(b^(Catalan/I)/(alpha*q^I*x/3)*alpha))
17:24:58,693 [INFO] listener.MapleListener - MAPLE_TEXT_OUTPUT; Object: null; String: [_Inert_PROD, [_Inert_PROD, [_Inert_POWER, [_Inert_SUM, [_Inert_NAME, "a"], [_Inert_INTPOS, 2]], [_Inert_INTNEG, 1]], [_Inert_POWER, [_Inert_NAME, "b"], [_Inert_PROD, [_Inert_COMPLEX, [_Inert_INTNEG, 1]], [_Inert_NAME, "Catalan", [_Inert_ATTRIBUTE, [_Inert_NAME, "protected", [_Inert_ATTRIBUTE, [_Inert_NAME, "protected"]]]]]]], [_Inert_POWER, [_Inert_POWER, [_Inert_NAME, "q"], [_Inert_COMPLEX, [_Inert_INTPOS, 1]]], [_Inert_INTNEG, 1]], [_Inert_POWER, [_Inert_NAME, "x"], [_Inert_INTNEG, 1]]], [_Inert_INTPOS, 3]]
17:24:58,694 [INFO] parser.MapleInterface - Parsed: 1/((a+2)/(b^(Catalan/I)/(alpha*q^I*x/3)*alpha))
17:24:58,703 [INFO] listener.MapleListener - MAPLE_TEXT_OUTPUT; Object: null; String: [_Inert_PROD, [_Inert_PROD, [_Inert_POWER, [_Inert_SUM, [_Inert_NAME, "a"], [_Inert_INTPOS, 2]], [_Inert_INTNEG, 1]], [_Inert_POWER, [_Inert_NAME, "b"], [_Inert_PROD, [_Inert_COMPLEX, [_Inert_INTNEG, 1]], [_Inert_NAME, "Catalan", [_Inert_ATTRIBUTE, [_Inert_NAME, "protected", [_Inert_ATTRIBUTE, [_Inert_NAME, "protected"]]]]]]], [_Inert_POWER, [_Inert_POWER, [_Inert_NAME, "q"], [_Inert_COMPLEX, [_Inert_INTPOS, 1]]], [_Inert_INTNEG, 1]], [_Inert_POWER, [_Inert_NAME, "x"], [_Inert_INTNEG, 1]]], [_Inert_INTPOS, 3]]
17:24:58,704 [INFO] parser.MapleInterface - Parsed: 1/((a+2)/(b^(Catalan/I)/(alpha*q^I*x/3)*alpha))
17:24:58,715 [INFO] listener.MapleListener - MAPLE_TEXT_OUTPUT; Object: null; String: [_Inert_PROD, [_Inert_PROD, [_Inert_POWER, [_Inert_SUM, [_Inert_NAME, "a"], [_Inert_INTPOS, 2]], [_Inert_INTNEG, 1]], [_Inert_POWER, [_Inert_NAME, "b"], [_Inert_PROD, [_Inert_COMPLEX, [_Inert_INTNEG, 1]], [_Inert_NAME, "Catalan", [_Inert_ATTRIBUTE, [_Inert_NAME, "protected", [_Inert_ATTRIBUTE, [_Inert_NAME, "protected"]]]]]]], [_Inert_POWER, [_Inert_POWER, [_Inert_NAME, "q"], [_Inert_COMPLEX, [_Inert_INTPOS, 1]]], [_Inert_INTNEG, 1]], [_Inert_POWER, [_Inert_NAME, "x"], [_Inert_INTNEG, 1]]], [_Inert_INTPOS, 3]]
17:24:58,716 [INFO] parser.MapleInterface - Parsed: 1/((a+2)/(b^(Catalan/I)/(alpha*q^I*x/3)*alpha))
17:24:58,724 [INFO] listener.MapleListener - MAPLE_TEXT_OUTPUT; Object: null; String: [_Inert_PROD, [_Inert_PROD, [_Inert_POWER, [_Inert_SUM, [_Inert_NAME, "a"], [_Inert_INTPOS, 2]], [_Inert_INTNEG, 1]], [_Inert_POWER, [_Inert_NAME, "b"], [_Inert_PROD, [_Inert_COMPLEX, [_Inert_INTNEG, 1]], [_Inert_NAME, "Catalan", [_Inert_ATTRIBUTE, [_Inert_NAME, "protected", [_Inert_ATTRIBUTE, [_Inert_NAME, "protected"]]]]]]], [_Inert_POWER, [_Inert_POWER, [_Inert_NAME, "q"], [_Inert_COMPLEX, [_Inert_INTPOS, 1]]], [_Inert_INTNEG, 1]], [_Inert_POWER, [_Inert_NAME, "x"], [_Inert_INTNEG, 1]]], [_Inert_INTPOS, 3]]
17:24:58,725 [INFO] parser.MapleInterface - Parsed: 1/((a+2)/(b^(Catalan/I)/(alpha*q^I*x/3)*alpha))
17:24:58,731 [INFO] roundtrip.RoundTripInterface - list_converter(ToInert(simplify((1/((a+2)/(b^(Catalan/I)/(alpha*q^I*x/3)*alpha))) - ((a + 2)^(- 1) * b^(- 1 * I * Catalan) *(q^(1 * I))^(- 1) * x^(- 1) * 3))));
17:24:58,732 [INFO] listener.MapleListener - MAPLE_TEXT_OUTPUT; Object: null; String: [_Inert_INTPOS, 0]
17:24:58,732 [INFO] roundtrip.RoundTripInterface - [_Inert_INTPOS, 0]
17:24:58,734 [INFO] listener.MapleListener - MAPLE_TEXT_OUTPUT; Object: null; String: [_Inert_POWER, [_Inert_SUM, [_Inert_NAME, "infinity", [_Inert_ATTRIBUTE, [_Inert_NAME, "protected", [_Inert_ATTRIBUTE, [_Inert_NAME, "protected"]]]]], [_Inert_PROD, [_Inert_NAME, "Catalan", [_Inert_ATTRIBUTE, [_Inert_NAME, "protected", [_Inert_ATTRIBUTE, [_Inert_NAME, "protected"]]]]], [_Inert_RATIONAL, [_Inert_INTPOS, 1], [_Inert_INTPOS, 2]]]], [_Inert_NAME, "gamma", [_Inert_ATTRIBUTE, [_Inert_NAME, "protected", [_Inert_ATTRIBUTE, [_Inert_NAME, "protected"]]]]]]
17:24:58,734 [INFO] parser.MapleInterface - Parsed: (infinity+Catalan/2)^gamma
17:24:58,736 [INFO] roundtrip.RoundTripInterface - list_converter(ToInert(simplify(((infinity+Catalan/2)^gamma) - ((infinity + Catalan *(1)/(2))^(gamma)))));
17:24:58,737 [INFO] listener.MapleListener - MAPLE_TEXT_OUTPUT; Object: null; String: [_Inert_INTPOS, 0]
17:24:58,737 [INFO] roundtrip.RoundTripInterface - [_Inert_INTPOS, 0]
17:24:58,739 [INFO] listener.MapleListener - MAPLE_TEXT_OUTPUT; Object: null; String: [_Inert_SUM, [_Inert_NAME, "gamma", [_Inert_ATTRIBUTE, [_Inert_NAME, "protected", [_Inert_ATTRIBUTE, [_Inert_NAME, "protected"]]]]], [_Inert_POWER, [_Inert_NAME, "alpha"], [_Inert_INTPOS, 5]], [_Inert_PROD, [_Inert_POWER, [_Inert_COMPLEX, [_Inert_INTPOS, 1]], [_Inert_PROD, [_Inert_NAME, "x"], [_Inert_RATIONAL, [_Inert_INTPOS, 1], [_Inert_INTPOS, 5]]]], [_Inert_INTNEG, 1]], [_Inert_NAME, "Catalan", [_Inert_ATTRIBUTE, [_Inert_NAME, "protected", [_Inert_ATTRIBUTE, [_Inert_NAME, "protected"]]]]]]
17:24:58,739 [INFO] parser.MapleInterface - Parsed: gamma+alpha^5-I^(x/5)+Catalan
17:24:58,744 [INFO] roundtrip.RoundTripInterface - list_converter(ToInert(simplify((gamma+alpha^5-I^(x/5)+Catalan) - (gamma + alpha^(5) +(1 * I)^(x *(1)/(5)) *(- 1)+ Catalan))));
17:24:58,745 [INFO] listener.MapleListener - MAPLE_TEXT_OUTPUT; Object: null; String: [_Inert_INTPOS, 0]
17:24:58,746 [INFO] roundtrip.RoundTripInterface - [_Inert_INTPOS, 0]
17:24:58,748 [INFO] listener.MapleListener - MAPLE_TEXT_OUTPUT; Object: null; String: [_Inert_SUM, [_Inert_NAME, "x"], [_Inert_POWER, [_Inert_NAME, "x"], [_Inert_INTPOS, 2]], [_Inert_POWER, [_Inert_PROD, [_Inert_PROD, [_Inert_SUM, [_Inert_INTPOS, 1], [_Inert_PROD, [_Inert_NAME, "gamma", [_Inert_ATTRIBUTE, [_Inert_NAME, "protected", [_Inert_ATTRIBUTE, [_Inert_NAME, "protected"]]]]], [_Inert_INTNEG, 1]]], [_Inert_NAME, "x"]], [_Inert_RATIONAL, [_Inert_INTPOS, 1], [_Inert_INTPOS, 2]]], [_Inert_COMPLEX, [_Inert_INTPOS, 1]]]]
17:24:58,748 [INFO] parser.MapleInterface - Parsed: x + x^2 + ((1-gamma)*x/2)^I
17:24:58,755 [INFO] roundtrip.RoundTripInterface - list_converter(ToInert(simplify((x + x^2 + ((1-gamma)*x/2)^I) - (x + x^(2) +((1 + gamma *(- 1))* x *(1)/(2))^(1 * I)))));
17:24:58,756 [INFO] listener.MapleListener - MAPLE_TEXT_OUTPUT; Object: null; String: [_Inert_INTPOS, 0]
17:24:58,756 [INFO] roundtrip.RoundTripInterface - [_Inert_INTPOS, 0]
17:24:58,758 [INFO] listener.MapleListener - MAPLE_TEXT_OUTPUT; Object: null; String: [_Inert_PROD, [_Inert_PROD, [_Inert_POWER, [_Inert_SUM, [_Inert_NAME, "a"], [_Inert_INTPOS, 2]], [_Inert_INTNEG, 1]], [_Inert_POWER, [_Inert_NAME, "b"], [_Inert_PROD, [_Inert_COMPLEX, [_Inert_INTNEG, 1]], [_Inert_NAME, "Catalan", [_Inert_ATTRIBUTE, [_Inert_NAME, "protected", [_Inert_ATTRIBUTE, [_Inert_NAME, "protected"]]]]]]], [_Inert_POWER, [_Inert_POWER, [_Inert_NAME, "q"], [_Inert_COMPLEX, [_Inert_INTPOS, 1]]], [_Inert_INTNEG, 1]], [_Inert_POWER, [_Inert_NAME, "x"], [_Inert_INTNEG, 1]]], [_Inert_INTPOS, 3]]
17:24:58,758 [INFO] parser.MapleInterface - Parsed: 1/((a+2)/(b^(Catalan/I)/(alpha*q^I*x/3)*alpha))
17:24:58,763 [INFO] roundtrip.RoundTripInterface - list_converter(ToInert(simplify((1/((a+2)/(b^(Catalan/I)/(alpha*q^I*x/3)*alpha))) - ((a + 2)^(- 1) * b^(- 1 * I * Catalan) *(q^(1 * I))^(- 1) * x^(- 1) * 3))));
17:24:58,764 [INFO] listener.MapleListener - MAPLE_TEXT_OUTPUT; Object: null; String: [_Inert_INTPOS, 0]
17:24:58,764 [INFO] roundtrip.RoundTripInterface - [_Inert_INTPOS, 0]
17:24:58,767 [INFO] listener.MapleListener - MAPLE_TEXT_OUTPUT; Object: null; String: [_Inert_NAME, "alpha"]
17:24:58,768 [INFO] parser.MapleInterface - Parsed: alpha
17:25:20,996 [INFO] parser.MapleInterface - Loading Maple Natives!
17:25:21,412 [INFO] listener.MapleListener - MAPLE_TEXT_OUTPUT; Object: null; String: [_Inert_SUM, [_Inert_NAME, "x"], [_Inert_POWER, [_Inert_NAME, "x"], [_Inert_INTPOS, 2]], [_Inert_POWER, [_Inert_PROD, [_Inert_PROD, [_Inert_SUM, [_Inert_INTPOS, 1], [_Inert_PROD, [_Inert_NAME, "gamma", [_Inert_ATTRIBUTE, [_Inert_NAME, "protected", [_Inert_ATTRIBUTE, [_Inert_NAME, "protected"]]]]], [_Inert_INTNEG, 1]]], [_Inert_NAME, "x"]], [_Inert_RATIONAL, [_Inert_INTPOS, 1], [_Inert_INTPOS, 2]]], [_Inert_COMPLEX, [_Inert_INTPOS, 1]]]]
17:25:21,413 [INFO] parser.MapleInterface - Parsed: x + x^2 + ((1-gamma)*x/2)^I
17:25:21,454 [INFO] roundtrip.RoundTripInterface - list_converter(ToInert(simplify((x + x^2 + ((1-gamma)*x/2)^I) - (x + x^(2) +((1 + gamma *(- 1))* x *(1)/(2))^(1 * I)))));
17:25:21,455 [INFO] listener.MapleListener - MAPLE_TEXT_OUTPUT; Object: null; String: [_Inert_INTPOS, 0]
17:25:21,456 [INFO] roundtrip.RoundTripInterface - [_Inert_INTPOS, 0]
17:25:21,471 [INFO] listener.MapleListener - MAPLE_TEXT_OUTPUT; Object: null; String: [_Inert_POWER, [_Inert_SUM, [_Inert_NAME, "infinity", [_Inert_ATTRIBUTE, [_Inert_NAME, "protected", [_Inert_ATTRIBUTE, [_Inert_NAME, "protected"]]]]], [_Inert_PROD, [_Inert_NAME, "Catalan", [_Inert_ATTRIBUTE, [_Inert_NAME, "protected", [_Inert_ATTRIBUTE, [_Inert_NAME, "protected"]]]]], [_Inert_RATIONAL, [_Inert_INTPOS, 1], [_Inert_INTPOS, 2]]]], [_Inert_NAME, "gamma", [_Inert_ATTRIBUTE, [_Inert_NAME, "protected", [_Inert_ATTRIBUTE, [_Inert_NAME, "protected"]]]]]]
17:25:21,472 [INFO] parser.MapleInterface - Parsed: (infinity+Catalan/2)^gamma
17:25:21,476 [INFO] roundtrip.RoundTripInterface - list_converter(ToInert(simplify(((infinity+Catalan/2)^gamma) - ((infinity + Catalan *(1)/(2))^(gamma) alpha))));
17:25:21,497 [INFO] listener.MapleListener - MAPLE_TEXT_OUTPUT; Object: null; String: [_Inert_POWER, [_Inert_POWER, [_Inert_POWER, [_Inert_NAME, "x"], [_Inert_NAME, "a"]], [_Inert_NAME, "b"]], [_Inert_NAME, "c"]]
17:25:21,498 [INFO] parser.MapleInterface - Parsed: ((x^a)^b)^c
17:25:21,503 [INFO] roundtrip.RoundTripInterface - list_converter(ToInert(simplify((((x^a)^b)^c) - (((x^(a))^(b))^(c)))));
17:25:21,504 [INFO] listener.MapleListener - MAPLE_TEXT_OUTPUT; Object: null; String: [_Inert_INTPOS, 0]
17:25:21,504 [INFO] roundtrip.RoundTripInterface - [_Inert_INTPOS, 0]
17:25:21,506 [INFO] listener.MapleListener - MAPLE_TEXT_OUTPUT; Object: null; String: [_Inert_SUM, [_Inert_NAME, "gamma", [_Inert_ATTRIBUTE, [_Inert_NAME, "protected", [_Inert_ATTRIBUTE, [_Inert_NAME, "protected"]]]]], [_Inert_POWER, [_Inert_NAME, "alpha"], [_Inert_INTPOS, 5]], [_Inert_PROD, [_Inert_POWER, [_Inert_COMPLEX, [_Inert_INTPOS, 1]], [_Inert_PROD, [_Inert_NAME, "x"], [_Inert_RATIONAL, [_Inert_INTPOS, 1], [_Inert_INTPOS, 5]]]], [_Inert_INTNEG, 1]], [_Inert_NAME, "Catalan", [_Inert_ATTRIBUTE, [_Inert_NAME, "protected", [_Inert_ATTRIBUTE, [_Inert_NAME, "protected"]]]]]]
17:25:21,507 [INFO] parser.MapleInterface - Parsed: gamma+alpha^5-I^(x/5)+Catalan
17:25:21,512 [INFO] roundtrip.RoundTripInterface - list_converter(ToInert(simplify((gamma+alpha^5-I^(x/5)+Catalan) - (gamma + alpha^(5) +(1 * I)^(x *(1)/(5)) *(- 1)+ Catalan))));
17:25:21,513 [INFO] listener.MapleListener - MAPLE_TEXT_OUTPUT; Object: null; String: [_Inert_INTPOS, 0]
17:25:21,513 [INFO] roundtrip.RoundTripInterface - [_Inert_INTPOS, 0]
17:25:21,517 [INFO] listener.MapleListener - MAPLE_TEXT_OUTPUT; Object: null; String: [_Inert_PROD, [_Inert_PROD, [_Inert_POWER, [_Inert_SUM, [_Inert_NAME, "a"], [_Inert_INTPOS, 2]], [_Inert_INTNEG, 1]], [_Inert_POWER, [_Inert_NAME, "b"], [_Inert_PROD, [_Inert_COMPLEX, [_Inert_INTNEG, 1]], [_Inert_NAME, "Catalan", [_Inert_ATTRIBUTE, [_Inert_NAME, "protected", [_Inert_ATTRIBUTE, [_Inert_NAME, "protected"]]]]]]], [_Inert_POWER, [_Inert_POWER, [_Inert_NAME, "q"], [_Inert_COMPLEX, [_Inert_INTPOS, 1]]], [_Inert_INTNEG, 1]], [_Inert_POWER, [_Inert_NAME, "x"], [_Inert_INTNEG, 1]]], [_Inert_INTPOS, 3]]
17:25:21,518 [INFO] parser.MapleInterface - Parsed: 1/((a+2)/(b^(Catalan/I)/(alpha*q^I*x/3)*alpha))
17:25:21,529 [INFO] roundtrip.RoundTripInterface - list_converter(ToInert(simplify((1/((a+2)/(b^(Catalan/I)/(alpha*q^I*x/3)*alpha))) - ((a + 2)^(- 1) * b^(- 1 * I * Catalan) *(q^(1 * I))^(- 1) * x^(- 1) * 3))));
17:25:21,529 [INFO] listener.MapleListener - MAPLE_TEXT_OUTPUT; Object: null; String: [_Inert_INTPOS, 0]
17:25:21,530 [INFO] roundtrip.RoundTripInterface - [_Inert_INTPOS, 0]
17:25:21,536 [INFO] listener.MapleListener - MAPLE_TEXT_OUTPUT; Object: null; String: [_Inert_PROD, [_Inert_PROD, [_Inert_POWER, [_Inert_SUM, [_Inert_NAME, "a"], [_Inert_INTPOS, 2]], [_Inert_INTNEG, 1]], [_Inert_POWER, [_Inert_NAME, "b"], [_Inert_PROD, [_Inert_COMPLEX, [_Inert_INTNEG, 1]], [_Inert_NAME, "Catalan", [_Inert_ATTRIBUTE, [_Inert_NAME, "protected", [_Inert_ATTRIBUTE, [_Inert_NAME, "protected"]]]]]]], [_Inert_POWER, [_Inert_POWER, [_Inert_NAME, "q"], [_Inert_COMPLEX, [_Inert_INTPOS, 1]]], [_Inert_INTNEG, 1]], [_Inert_POWER, [_Inert_NAME, "x"], [_Inert_INTNEG, 1]]], [_Inert_INTPOS, 3]]
17:25:21,536 [INFO] parser.MapleInterface - Parsed: 1/((a+2)/(b^(Catalan/I)/(alpha*q^I*x/3)*alpha))
17:25:21,545 [INFO] listener.MapleListener - MAPLE_TEXT_OUTPUT; Object: null; String: [_Inert_PROD, [_Inert_PROD, [_Inert_POWER, [_Inert_SUM, [_Inert_NAME, "a"], [_Inert_INTPOS, 2]], [_Inert_INTNEG, 1]], [_Inert_POWER, [_Inert_NAME, "b"], [_Inert_PROD, [_Inert_COMPLEX, [_Inert_INTNEG, 1]], [_Inert_NAME, "Catalan", [_Inert_ATTRIBUTE, [_Inert_NAME, "protected", [_Inert_ATTRIBUTE, [_Inert_NAME, "protected"]]]]]]], [_Inert_POWER, [_Inert_POWER, [_Inert_NAME, "q"], [_Inert_COMPLEX, [_Inert_INTPOS, 1]]], [_Inert_INTNEG, 1]], [_Inert_POWER, [_Inert_NAME, "x"], [_Inert_INTNEG, 1]]], [_Inert_INTPOS, 3]]
17:25:21,545 [INFO] parser.MapleInterface - Parsed: 1/((a+2)/(b^(Catalan/I)/(alpha*q^I*x/3)*alpha))
17:25:21,555 [INFO] listener.MapleListener - MAPLE_TEXT_OUTPUT; Object: null; String: [_Inert_PROD, [_Inert_PROD, [_Inert_POWER, [_Inert_SUM, [_Inert_NAME, "a"], [_Inert_INTPOS, 2]], [_Inert_INTNEG, 1]], [_Inert_POWER, [_Inert_NAME, "b"], [_Inert_PROD, [_Inert_COMPLEX, [_Inert_INTNEG, 1]], [_Inert_NAME, "Catalan", [_Inert_ATTRIBUTE, [_Inert_NAME, "protected", [_Inert_ATTRIBUTE, [_Inert_NAME, "protected"]]]]]]], [_Inert_POWER, [_Inert_POWER, [_Inert_NAME, "q"], [_Inert_COMPLEX, [_Inert_INTPOS, 1]]], [_Inert_INTNEG, 1]], [_Inert_POWER, [_Inert_NAME, "x"], [_Inert_INTNEG, 1]]], [_Inert_INTPOS, 3]]
17:25:21,556 [INFO] parser.MapleInterface - Parsed: 1/((a+2)/(b^(Catalan/I)/(alpha*q^I*x/3)*alpha))
17:25:21,566 [INFO] listener.MapleListener - MAPLE_TEXT_OUTPUT; Object: null; String: [_Inert_PROD, [_Inert_PROD, [_Inert_POWER, [_Inert_SUM, [_Inert_NAME, "a"], [_Inert_INTPOS, 2]], [_Inert_INTNEG, 1]], [_Inert_POWER, [_Inert_NAME, "b"], [_Inert_PROD, [_Inert_COMPLEX, [_Inert_INTNEG, 1]], [_Inert_NAME, "Catalan", [_Inert_ATTRIBUTE, [_Inert_NAME, "protected", [_Inert_ATTRIBUTE, [_Inert_NAME, "protected"]]]]]]], [_Inert_POWER, [_Inert_POWER, [_Inert_NAME, "q"], [_Inert_COMPLEX, [_Inert_INTPOS, 1]]], [_Inert_INTNEG, 1]], [_Inert_POWER, [_Inert_NAME, "x"], [_Inert_INTNEG, 1]]], [_Inert_INTPOS, 3]]
17:25:21,567 [INFO] parser.MapleInterface - Parsed: 1/((a+2)/(b^(Catalan/I)/(alpha*q^I*x/3)*alpha))
17:25:21,576 [INFO] listener.MapleListener - MAPLE_TEXT_OUTPUT; Object: null; String: [_Inert_PROD, [_Inert_PROD, [_Inert_POWER, [_Inert_SUM, [_Inert_NAME, "a"], [_Inert_INTPOS, 2]], [_Inert_INTNEG, 1]], [_Inert_POWER, [_Inert_NAME, "b"], [_Inert_PROD, [_Inert_COMPLEX, [_Inert_INTNEG, 1]], [_Inert_NAME, "Catalan", [_Inert_ATTRIBUTE, [_Inert_NAME, "protected", [_Inert_ATTRIBUTE, [_Inert_NAME, "protected"]]]]]]], [_Inert_POWER, [_Inert_POWER, [_Inert_NAME, "q"], [_Inert_COMPLEX, [_Inert_INTPOS, 1]]], [_Inert_INTNEG, 1]], [_Inert_POWER, [_Inert_NAME, "x"], [_Inert_INTNEG, 1]]], [_Inert_INTPOS, 3]]
17:25:21,576 [INFO] parser.MapleInterface - Parsed: 1/((a+2)/(b^(Catalan/I)/(alpha*q^I*x/3)*alpha))
17:25:21,585 [INFO] roundtrip.RoundTripInterface - list_converter(ToInert(simplify((1/((a+2)/(b^(Catalan/I)/(alpha*q^I*x/3)*alpha))) - ((a + 2)^(- 1) * b^(- 1 * I * Catalan) *(q^(1 * I))^(- 1) * x^(- 1) * 3))));
17:25:21,586 [INFO] listener.MapleListener - MAPLE_TEXT_OUTPUT; Object: null; String: [_Inert_INTPOS, 0]
17:25:21,586 [INFO] roundtrip.RoundTripInterface - [_Inert_INTPOS, 0]
17:25:21,589 [INFO] listener.MapleListener - MAPLE_TEXT_OUTPUT; Object: null; String: [_Inert_NAME, "alpha"]
17:25:21,590 [INFO] parser.MapleInterface - Parsed: alpha
18:52:46,720 [INFO] parser.MapleInterface - Loading Maple Natives!
18:52:47,081 [INFO] listener.MapleListener - MAPLE_TEXT_OUTPUT; Object: null; String: [_Inert_SUM, [_Inert_NAME, "gamma", [_Inert_ATTRIBUTE, [_Inert_NAME, "protected", [_Inert_ATTRIBUTE, [_Inert_NAME, "protected"]]]]], [_Inert_POWER, [_Inert_NAME, "alpha"], [_Inert_INTPOS, 5]], [_Inert_PROD, [_Inert_POWER, [_Inert_COMPLEX, [_Inert_INTPOS, 1]], [_Inert_PROD, [_Inert_NAME, "x"], [_Inert_RATIONAL, [_Inert_INTPOS, 1], [_Inert_INTPOS, 5]]]], [_Inert_INTNEG, 1]], [_Inert_NAME, "Catalan", [_Inert_ATTRIBUTE, [_Inert_NAME, "protected", [_Inert_ATTRIBUTE, [_Inert_NAME, "protected"]]]]]]
18:52:47,082 [INFO] parser.MapleInterface - Parsed: gamma+alpha^5-I^(x/5)+Catalan
18:52:47,145 [INFO] roundtrip.RoundTripInterface - list_converter(ToInert(simplify((gamma+alpha^5-I^(x/5)+Catalan) - (gamma + alpha^(5) +(1 * I)^(x *(1)/(5)) *(- 1)+ Catalan))));
18:52:47,147 [INFO] listener.MapleListener - MAPLE_TEXT_OUTPUT; Object: null; String: [_Inert_INTPOS, 0]
18:52:47,148 [INFO] roundtrip.RoundTripInterface - [_Inert_INTPOS, 0]
18:52:47,161 [INFO] listener.MapleListener - MAPLE_TEXT_OUTPUT; Object: null; String: [_Inert_SUM, [_Inert_NAME, "x"], [_Inert_POWER, [_Inert_NAME, "x"], [_Inert_INTPOS, 2]], [_Inert_POWER, [_Inert_PROD, [_Inert_PROD, [_Inert_SUM, [_Inert_INTPOS, 1], [_Inert_PROD, [_Inert_NAME, "gamma", [_Inert_ATTRIBUTE, [_Inert_NAME, "protected", [_Inert_ATTRIBUTE, [_Inert_NAME, "protected"]]]]], [_Inert_INTNEG, 1]]], [_Inert_NAME, "x"]], [_Inert_RATIONAL, [_Inert_INTPOS, 1], [_Inert_INTPOS, 2]]], [_Inert_COMPLEX, [_Inert_INTPOS, 1]]]]
18:52:47,162 [INFO] parser.MapleInterface - Parsed: x + x^2 + ((1-gamma)*x/2)^I
18:52:47,171 [INFO] roundtrip.RoundTripInterface - list_converter(ToInert(simplify((x + x^2 + ((1-gamma)*x/2)^I) - (x + x^(2) +((1 + gamma *(- 1))* x *(1)/(2))^(1 * I)))));
18:52:47,171 [INFO] listener.MapleListener - MAPLE_TEXT_OUTPUT; Object: null; String: [_Inert_INTPOS, 0]
18:52:47,172 [INFO] roundtrip.RoundTripInterface - [_Inert_INTPOS, 0]
18:52:47,175 [INFO] listener.MapleListener - MAPLE_TEXT_OUTPUT; Object: null; String: [_Inert_PROD, [_Inert_PROD, [_Inert_POWER, [_Inert_SUM, [_Inert_NAME, "a"], [_Inert_INTPOS, 2]], [_Inert_INTNEG, 1]], [_Inert_POWER, [_Inert_NAME, "b"], [_Inert_PROD, [_Inert_COMPLEX, [_Inert_INTNEG, 1]], [_Inert_NAME, "Catalan", [_Inert_ATTRIBUTE, [_Inert_NAME, "protected", [_Inert_ATTRIBUTE, [_Inert_NAME, "protected"]]]]]]], [_Inert_POWER, [_Inert_POWER, [_Inert_NAME, "q"], [_Inert_COMPLEX, [_Inert_INTPOS, 1]]], [_Inert_INTNEG, 1]], [_Inert_POWER, [_Inert_NAME, "x"], [_Inert_INTNEG, 1]]], [_Inert_INTPOS, 3]]
18:52:47,175 [INFO] parser.MapleInterface - Parsed: 1/((a+2)/(b^(Catalan/I)/(alpha*q^I*x/3)*alpha))
18:52:47,187 [INFO] roundtrip.RoundTripInterface - list_converter(ToInert(simplify((1/((a+2)/(b^(Catalan/I)/(alpha*q^I*x/3)*alpha))) - ((a + 2)^(- 1) * b^(- 1 * I * Catalan) *(q^(1 * I))^(- 1) * x^(- 1) * 3))));
18:52:47,188 [INFO] listener.MapleListener - MAPLE_TEXT_OUTPUT; Object: null; String: [_Inert_INTPOS, 0]
18:52:47,189 [INFO] roundtrip.RoundTripInterface - [_Inert_INTPOS, 0]
18:52:47,191 [INFO] listener.MapleListener - MAPLE_TEXT_OUTPUT; Object: null; String: [_Inert_POWER, [_Inert_SUM, [_Inert_NAME, "infinity", [_Inert_ATTRIBUTE, [_Inert_NAME, "protected", [_Inert_ATTRIBUTE, [_Inert_NAME, "protected"]]]]], [_Inert_PROD, [_Inert_NAME, "Catalan", [_Inert_ATTRIBUTE, [_Inert_NAME, "protected", [_Inert_ATTRIBUTE, [_Inert_NAME, "protected"]]]]], [_Inert_RATIONAL, [_Inert_INTPOS, 1], [_Inert_INTPOS, 2]]]], [_Inert_NAME, "gamma", [_Inert_ATTRIBUTE, [_Inert_NAME, "protected", [_Inert_ATTRIBUTE, [_Inert_NAME, "protected"]]]]]]
18:52:47,191 [INFO] parser.MapleInterface - Parsed: (infinity+Catalan/2)^gamma
18:52:47,195 [INFO] roundtrip.RoundTripInterface - list_converter(ToInert(simplify(((infinity+Catalan/2)^gamma) - ((infinity + Catalan *(1)/(2))^(gamma)))));
18:52:47,195 [INFO] listener.MapleListener - MAPLE_TEXT_OUTPUT; Object: null; String: [_Inert_INTPOS, 0]
18:52:47,196 [INFO] roundtrip.RoundTripInterface - [_Inert_INTPOS, 0]
18:52:47,197 [INFO] listener.MapleListener - MAPLE_TEXT_OUTPUT; Object: null; String: [_Inert_PROD, [_Inert_PROD, [_Inert_POWER, [_Inert_SUM, [_Inert_NAME, "a"], [_Inert_INTPOS, 2]], [_Inert_INTNEG, 1]], [_Inert_POWER, [_Inert_NAME, "b"], [_Inert_PROD, [_Inert_COMPLEX, [_Inert_INTNEG, 1]], [_Inert_NAME, "Catalan", [_Inert_ATTRIBUTE, [_Inert_NAME, "protected", [_Inert_ATTRIBUTE, [_Inert_NAME, "protected"]]]]]]], [_Inert_POWER, [_Inert_POWER, [_Inert_NAME, "q"], [_Inert_COMPLEX, [_Inert_INTPOS, 1]]], [_Inert_INTNEG, 1]], [_Inert_POWER, [_Inert_NAME, "x"], [_Inert_INTNEG, 1]]], [_Inert_INTPOS, 3]]
18:52:47,198 [INFO] parser.MapleInterface - Parsed: 1/((a+2)/(b^(Catalan/I)/(alpha*q^I*x/3)*alpha))
18:52:47,206 [INFO] listener.MapleListener - MAPLE_TEXT_OUTPUT; Object: null; String: [_Inert_PROD, [_Inert_PROD, [_Inert_POWER, [_Inert_SUM, [_Inert_NAME, "a"], [_Inert_INTPOS, 2]], [_Inert_INTNEG, 1]], [_Inert_POWER, [_Inert_NAME, "b"], [_Inert_PROD, [_Inert_COMPLEX, [_Inert_INTNEG, 1]], [_Inert_NAME, "Catalan", [_Inert_ATTRIBUTE, [_Inert_NAME, "protected", [_Inert_ATTRIBUTE, [_Inert_NAME, "protected"]]]]]]], [_Inert_POWER, [_Inert_POWER, [_Inert_NAME, "q"], [_Inert_COMPLEX, [_Inert_INTPOS, 1]]], [_Inert_INTNEG, 1]], [_Inert_POWER, [_Inert_NAME, "x"], [_Inert_INTNEG, 1]]], [_Inert_INTPOS, 3]]
18:52:47,207 [INFO] parser.MapleInterface - Parsed: 1/((a+2)/(b^(Catalan/I)/(alpha*q^I*x/3)*alpha))
18:52:47,213 [INFO] listener.MapleListener - MAPLE_TEXT_OUTPUT; Object: null; String: [_Inert_PROD, [_Inert_PROD, [_Inert_POWER, [_Inert_SUM, [_Inert_NAME, "a"], [_Inert_INTPOS, 2]], [_Inert_INTNEG, 1]], [_Inert_POWER, [_Inert_NAME, "b"], [_Inert_PROD, [_Inert_COMPLEX, [_Inert_INTNEG, 1]], [_Inert_NAME, "Catalan", [_Inert_ATTRIBUTE, [_Inert_NAME, "protected", [_Inert_ATTRIBUTE, [_Inert_NAME, "protected"]]]]]]], [_Inert_POWER, [_Inert_POWER, [_Inert_NAME, "q"], [_Inert_COMPLEX, [_Inert_INTPOS, 1]]], [_Inert_INTNEG, 1]], [_Inert_POWER, [_Inert_NAME, "x"], [_Inert_INTNEG, 1]]], [_Inert_INTPOS, 3]]
18:52:47,214 [INFO] parser.MapleInterface - Parsed: 1/((a+2)/(b^(Catalan/I)/(alpha*q^I*x/3)*alpha))
18:52:47,220 [INFO] listener.MapleListener - MAPLE_TEXT_OUTPUT; Object: null; String: [_Inert_PROD, [_Inert_PROD, [_Inert_POWER, [_Inert_SUM, [_Inert_NAME, "a"], [_Inert_INTPOS, 2]], [_Inert_INTNEG, 1]], [_Inert_POWER, [_Inert_NAME, "b"], [_Inert_PROD, [_Inert_COMPLEX, [_Inert_INTNEG, 1]], [_Inert_NAME, "Catalan", [_Inert_ATTRIBUTE, [_Inert_NAME, "protected", [_Inert_ATTRIBUTE, [_Inert_NAME, "protected"]]]]]]], [_Inert_POWER, [_Inert_POWER, [_Inert_NAME, "q"], [_Inert_COMPLEX, [_Inert_INTPOS, 1]]], [_Inert_INTNEG, 1]], [_Inert_POWER, [_Inert_NAME, "x"], [_Inert_INTNEG, 1]]], [_Inert_INTPOS, 3]]
18:52:47,220 [INFO] parser.MapleInterface - Parsed: 1/((a+2)/(b^(Catalan/I)/(alpha*q^I*x/3)*alpha))
18:52:47,225 [INFO] listener.MapleListener - MAPLE_TEXT_OUTPUT; Object: null; String: [_Inert_PROD, [_Inert_PROD, [_Inert_POWER, [_Inert_SUM, [_Inert_NAME, "a"], [_Inert_INTPOS, 2]], [_Inert_INTNEG, 1]], [_Inert_POWER, [_Inert_NAME, "b"], [_Inert_PROD, [_Inert_COMPLEX, [_Inert_INTNEG, 1]], [_Inert_NAME, "Catalan", [_Inert_ATTRIBUTE, [_Inert_NAME, "protected", [_Inert_ATTRIBUTE, [_Inert_NAME, "protected"]]]]]]], [_Inert_POWER, [_Inert_POWER, [_Inert_NAME, "q"], [_Inert_COMPLEX, [_Inert_INTPOS, 1]]], [_Inert_INTNEG, 1]], [_Inert_POWER, [_Inert_NAME, "x"], [_Inert_INTNEG, 1]]], [_Inert_INTPOS, 3]]
18:52:47,225 [INFO] parser.MapleInterface - Parsed: 1/((a+2)/(b^(Catalan/I)/(alpha*q^I*x/3)*alpha))
18:52:47,229 [INFO] roundtrip.RoundTripInterface - list_converter(ToInert(simplify((1/((a+2)/(b^(Catalan/I)/(alpha*q^I*x/3)*alpha))) - ((a + 2)^(- 1) * b^(- 1 * I * Catalan) *(q^(1 * I))^(- 1) * x^(- 1) * 3))));
18:52:47,229 [INFO] listener.MapleListener - MAPLE_TEXT_OUTPUT; Object: null; String: [_Inert_INTPOS, 0]
18:52:47,230 [INFO] roundtrip.RoundTripInterface - [_Inert_INTPOS, 0]
18:52:47,231 [INFO] listener.MapleListener - MAPLE_TEXT_OUTPUT; Object: null; String: [_Inert_POWER, [_Inert_POWER, [_Inert_POWER, [_Inert_NAME, "x"], [_Inert_NAME, "a"]], [_Inert_NAME, "b"]], [_Inert_NAME, "c"]]
18:52:47,231 [INFO] parser.MapleInterface - Parsed: ((x^a)^b)^c
18:52:47,234 [INFO] roundtrip.RoundTripInterface - list_converter(ToInert(simplify((((x^a)^b)^c) - (((x^(a))^(b))^(c)))));
18:52:47,234 [INFO] listener.MapleListener - MAPLE_TEXT_OUTPUT; Object: null; String: [_Inert_INTPOS, 0]
18:52:47,234 [INFO] roundtrip.RoundTripInterface - [_Inert_INTPOS, 0]
18:52:47,236 [INFO] listener.MapleListener - MAPLE_TEXT_OUTPUT; Object: null; String: [_Inert_NAME, "alpha"]
18:52:47,237 [INFO] parser.MapleInterface - Parsed: alpha
